#
# A fatal error has been detected by the Java Runtime Environment:
#
# java.lang.OutOfMemoryError: requested 2435456 bytes for Chunk::new. Out of swap space?
#
#  Internal Error (allocation.cpp:272), pid=4856, tid=4504
#  Error: Chunk::new
#
# JRE version: 6.0_23-b05
# Java VM: Java HotSpot(TM) 64-Bit Server VM (19.0-b09 mixed mode windows-amd64 compressed oops)
# If you would like to submit a bug report, please visit:
#   http://java.sun.com/webapps/bugreport/crash.jsp
#

---------------  T H R E A D  ---------------

Current thread (0x00000000024e2000):  JavaThread "CompilerThread1" daemon [_thread_in_native, id=4504, stack(0x00000000069b0000,0x0000000006ab0000)]

Stack: [0x00000000069b0000,0x0000000006ab0000]

Current CompileTask:
C2:287      com.sun.org.apache.xerces.internal.impl.xs.models.XSDFACM.calcFollowList(Lcom/sun/org/apache/xerces/internal/impl/dtd/models/CMNode;)V (227 bytes)


---------------  P R O C E S S  ---------------

Java Threads: ( => current thread )
  0x0000000007719800 JavaThread "AWT-Windows" daemon [_thread_in_native, id=2292, stack(0x0000000009d50000,0x0000000009e50000)]
  0x0000000007719000 JavaThread "AWT-Shutdown" [_thread_blocked, id=5096, stack(0x0000000009c50000,0x0000000009d50000)]
  0x0000000008312800 JavaThread "Java2D Disposer" daemon [_thread_blocked, id=7092, stack(0x0000000009b50000,0x0000000009c50000)]
  0x00000000083a8800 JavaThread "Thread-1" [_thread_blocked, id=5304, stack(0x0000000009950000,0x0000000009a50000)]
  0x00000000064d9800 JavaThread "Low Memory Detector" daemon [_thread_blocked, id=6220, stack(0x0000000006ab0000,0x0000000006bb0000)]
=>0x00000000024e2000 JavaThread "CompilerThread1" daemon [_thread_in_native, id=4504, stack(0x00000000069b0000,0x0000000006ab0000)]
  0x00000000024cb800 JavaThread "CompilerThread0" daemon [_thread_blocked, id=6020, stack(0x00000000068b0000,0x00000000069b0000)]
  0x00000000024ca800 JavaThread "Attach Listener" daemon [_thread_blocked, id=4948, stack(0x00000000067b0000,0x00000000068b0000)]
  0x00000000024c9800 JavaThread "Signal Dispatcher" daemon [_thread_blocked, id=5784, stack(0x00000000066b0000,0x00000000067b0000)]
  0x00000000024b0800 JavaThread "Finalizer" daemon [_thread_blocked, id=6412, stack(0x00000000063b0000,0x00000000064b0000)]
  0x00000000024ac800 JavaThread "Reference Handler" daemon [_thread_blocked, id=2636, stack(0x00000000062b0000,0x00000000063b0000)]
  0x000000000052e800 JavaThread "main" [_thread_in_native, id=4620, stack(0x0000000001f30000,0x0000000002030000)]

Other Threads:
  0x00000000024a9800 VMThread [stack: 0x00000000061b0000,0x00000000062b0000] [id=4780]
  0x00000000024ee000 WatcherThread [stack: 0x0000000006bb0000,0x0000000006cb0000] [id=6496]

VM state:not at safepoint (normal execution)

VM Mutex/Monitor currently owned by a thread: None

Heap
 PSYoungGen      total 66496K, used 53587K [0x00000000eb400000, 0x00000000efa40000, 0x0000000100000000)
  eden space 61440K, 79% used [0x00000000eb400000,0x00000000ee38c730,0x00000000ef000000)
  from space 5056K, 96% used [0x00000000ef000000,0x00000000ef4c8600,0x00000000ef4f0000)
  to   space 4672K, 0% used [0x00000000ef4f0000,0x00000000ef4f0000,0x00000000ef980000)
 PSOldGen        total 42496K, used 4016K [0x00000000c1c00000, 0x00000000c4580000, 0x00000000eb400000)
  object space 42496K, 9% used [0x00000000c1c00000,0x00000000c1fec078,0x00000000c4580000)
 PSPermGen       total 30848K, used 30830K [0x00000000bca00000, 0x00000000be820000, 0x00000000c1c00000)
  object space 30848K, 99% used [0x00000000bca00000,0x00000000be81ba10,0x00000000be820000)

Dynamic libraries:
0x0000000000400000 - 0x000000000042e000 	E:\soft\jdk1.664bit\bin\javaw.exe
0x00007ff819d40000 - 0x00007ff819ee9000 	C:\Windows\SYSTEM32\ntdll.dll
0x00007ff8182b0000 - 0x00007ff8183e9000 	C:\Windows\system32\KERNEL32.DLL
0x00007ff817120000 - 0x00007ff81722e000 	C:\Windows\system32\KERNELBASE.dll
0x00007ff8158b0000 - 0x00007ff81593b000 	C:\Windows\system32\apphelp.dll
0x00007ff80f460000 - 0x00007ff80f4af000 	C:\Windows\AppPatch\AppPatch64\AcGenral.DLL
0x00007ff817cf0000 - 0x00007ff817d97000 	C:\Windows\system32\msvcrt.dll
0x00007ff816af0000 - 0x00007ff816b1b000 	C:\Windows\SYSTEM32\SspiCli.dll
0x00007ff818030000 - 0x00007ff818081000 	C:\Windows\system32\SHLWAPI.dll
0x00007ff817da0000 - 0x00007ff817f11000 	C:\Windows\system32\USER32.dll
0x00007ff819860000 - 0x00007ff8199d6000 	C:\Windows\system32\ole32.dll
0x00007ff8183f0000 - 0x00007ff8197ff000 	C:\Windows\system32\SHELL32.dll
0x00007ff816320000 - 0x00007ff81633f000 	C:\Windows\SYSTEM32\USERENV.dll
0x00007ff8179c0000 - 0x00007ff817a65000 	C:\Windows\system32\ADVAPI32.dll
0x00007ff80c440000 - 0x00007ff80c45b000 	C:\Windows\SYSTEM32\MPR.dll
0x00007ff818170000 - 0x00007ff8182a6000 	C:\Windows\system32\RPCRT4.dll
0x00007ff817f40000 - 0x00007ff817f97000 	C:\Windows\SYSTEM32\sechost.dll
0x00007ff819a10000 - 0x00007ff819be7000 	C:\Windows\SYSTEM32\combase.dll
0x00007ff817870000 - 0x00007ff8179b5000 	C:\Windows\system32\GDI32.dll
0x00007ff816cf0000 - 0x00007ff816d04000 	C:\Windows\SYSTEM32\profapi.dll
0x00007ff815940000 - 0x00007ff8159e1000 	C:\Windows\SYSTEM32\SHCORE.dll
0x00007ff817cb0000 - 0x00007ff817ce4000 	C:\Windows\system32\IMM32.DLL
0x00007ff817580000 - 0x00007ff8176b8000 	C:\Windows\system32\MSCTF.dll
0x00007ff816cb0000 - 0x00007ff816cdf000 	C:\Windows\system32\nvinitx.dll
0x000000000f000000 - 0x000000000f006000 	C:\Program Files\NVIDIA Corporation\CoProcManager\detoured.dll
0x00007ff814dd0000 - 0x00007ff814e2f000 	C:\Program Files\NVIDIA Corporation\CoProcManager\nvd3d9wrapx.dll
0x00007ff817a70000 - 0x00007ff817c46000 	C:\Windows\system32\SETUPAPI.dll
0x00007ff817290000 - 0x00007ff8172da000 	C:\Windows\system32\CFGMGR32.dll
0x00007ff814ce0000 - 0x00007ff814d26000 	C:\Program Files\NVIDIA Corporation\CoProcManager\nvdxgiwrapx.dll
0x000000006d890000 - 0x000000006df80000 	E:\soft\jdk1.664bit\jre\bin\server\jvm.dll
0x0000000000390000 - 0x00000000003af000 	C:\Windows\system32\WINMM.dll
0x00007ff816df0000 - 0x00007ff816e1a000 	C:\Windows\system32\WINMMBASE.dll
0x00007ff816da0000 - 0x00007ff816dc6000 	C:\Windows\system32\DEVOBJ.dll
0x000000006d800000 - 0x000000006d80e000 	E:\soft\jdk1.664bit\jre\bin\verify.dll
0x000000006d450000 - 0x000000006d477000 	E:\soft\jdk1.664bit\jre\bin\java.dll
0x000000006d3b0000 - 0x000000006d3ba000 	E:\soft\jdk1.664bit\jre\bin\hpi.dll
0x00007ff819a00000 - 0x00007ff819a07000 	C:\Windows\system32\PSAPI.DLL
0x000000006d850000 - 0x000000006d862000 	E:\soft\jdk1.664bit\jre\bin\zip.dll
0x00007ff8165d0000 - 0x00007ff8165ee000 	C:\Windows\SYSTEM32\CRYPTSP.dll
0x00007ff816210000 - 0x00007ff816245000 	C:\Windows\system32\rsaenh.dll
0x00007ff816800000 - 0x00007ff816826000 	C:\Windows\SYSTEM32\bcrypt.dll
0x00007ff816b20000 - 0x00007ff816b7e000 	C:\Windows\system32\bcryptprimitives.dll
0x00007ff816b80000 - 0x00007ff816b8a000 	C:\Windows\SYSTEM32\CRYPTBASE.dll
0x000000006d6a0000 - 0x000000006d6b7000 	E:\soft\jdk1.664bit\jre\bin\net.dll
0x00007ff817c50000 - 0x00007ff817ca8000 	C:\Windows\system32\WS2_32.dll
0x00007ff8180a0000 - 0x00007ff8180a9000 	C:\Windows\system32\NSI.dll
0x00007ff816570000 - 0x00007ff8165c8000 	C:\Windows\system32\mswsock.dll
0x00007ff80eed0000 - 0x00007ff80eee4000 	C:\Windows\system32\napinsp.dll
0x00007ff80eef0000 - 0x00007ff80ef09000 	C:\Windows\system32\pnrpnsp.dll
0x00007ff812aa0000 - 0x00007ff812ab9000 	C:\Windows\system32\NLAapi.dll
0x00007ff816380000 - 0x00007ff816423000 	C:\Windows\SYSTEM32\DNSAPI.dll
0x00007ff80ef10000 - 0x00007ff80ef1c000 	C:\Windows\System32\winrnr.dll
0x00007ff80f100000 - 0x00007ff80f109000 	C:\Windows\System32\rasadhlp.dll
0x00007ff811920000 - 0x00007ff811949000 	C:\Windows\SYSTEM32\IPHLPAPI.DLL
0x00007ff811900000 - 0x00007ff81190a000 	C:\Windows\SYSTEM32\WINNSI.DLL
0x00007ff811450000 - 0x00007ff8114b7000 	C:\Windows\System32\fwpuclnt.dll
0x000000006d5e0000 - 0x000000006d5ea000 	E:\soft\jdk1.664bit\jre\bin\management.dll
0x000000006d0a0000 - 0x000000006d263000 	E:\soft\jdk1.664bit\jre\bin\awt.dll
0x00007ff8141a0000 - 0x00007ff81421b000 	C:\Windows\SYSTEM32\WINSPOOL.DRV
0x00007ff814a80000 - 0x00007ff814cda000 	C:\Windows\WinSxS\amd64_microsoft.windows.common-controls_6595b64144ccf1df_6.0.9600.16384_none_62475f7becb72503\COMCTL32.dll
0x00007ff814e30000 - 0x00007ff814e51000 	C:\Windows\SYSTEM32\DWMAPI.DLL
0x00007ff815a50000 - 0x00007ff815b72000 	C:\Windows\system32\uxtheme.dll
0x000000006d340000 - 0x000000006d3a6000 	E:\soft\jdk1.664bit\jre\bin\fontmanager.dll
0x00007ff8158a0000 - 0x00007ff8158aa000 	C:\Windows\SYSTEM32\kernel.appcore.dll
0x000000006d6c0000 - 0x000000006d6cb000 	E:\soft\jdk1.664bit\jre\bin\nio.dll
0x000000006d2b0000 - 0x000000006d2d8000 	E:\soft\jdk1.664bit\jre\bin\dcpr.dll

VM Arguments:
jvm_args: -Dfile.encoding=UTF-8 
java_command: sl.test.ActivitiTest
Launcher Type: SUN_STANDARD

Environment Variables:
JAVA_HOME=E:\soft\java\jbpm6\jdk1.7.0_51
CLASSPATH=E:\soft\java\jbpm6\jdk1.7.0_51\lib\dt.jar;E:\soft\java\jbpm6\jdk1.7.0_51\lib\tools.jar
PATH=C:\app\Administrator\product\11.2.0\dbhome_2\bin;C:\Windows\system32;C:\Windows;C:\Windows\System32\Wbem;C:\Windows\System32\WindowsPowerShell\v1.0\;E:\soft\java\jbpm6\jdk1.7.0_51\bin;E:\soft\java\jbpm6\jdk1.7.0_51\jre\bin;E:\soft\apache-maven-3.0.4\bin;E:\soft\java\jbpm6\apache-ant-1.9.4/bin
USERNAME=Administrator
OS=Windows_NT
PROCESSOR_IDENTIFIER=Intel64 Family 6 Model 42 Stepping 7, GenuineIntel



---------------  S Y S T E M  ---------------

OS: Windows NT 6.2 Build 9200 

CPU:total 4 (2 cores per cpu, 2 threads per core) family 6 model 42 stepping 7, cmov, cx8, fxsr, mmx, sse, sse2, sse3, ssse3, sse4.1, sse4.2, popcnt, ht

Memory: 4k page, physical 4075088k(749992k free), swap 5647952k(3492k free)

vm_info: Java HotSpot(TM) 64-Bit Server VM (19.0-b09) for windows-amd64 JRE (1.6.0_23-b05), built on Nov 13 2010 02:43:42 by "java_re" with MS VC++ 8.0 (VS2005)

time: Wed Apr 29 21:03:29 2015
elapsed time: 5 seconds

